<?xml version="1.0" encoding="UTF-8"?>
<testsuite xmlns:xsi="http://www.w3.org/2001/XMLSchema-instance" xsi:noNamespaceSchemaLocation="https://maven.apache.org/surefire/maven-surefire-plugin/xsd/surefire-test-report-3.0.xsd" version="3.0" name="TestSuite" time="8.09" tests="1" errors="0" skipped="0" failures="0">
  <properties>
    <property name="sun.desktop" value="windows"/>
    <property name="awt.toolkit" value="sun.awt.windows.WToolkit"/>
    <property name="file.encoding.pkg" value="sun.io"/>
    <property name="java.specification.version" value="1.8"/>
    <property name="sun.cpu.isalist" value="amd64"/>
    <property name="sun.jnu.encoding" value="Cp1252"/>
    <property name="java.class.path" value="G:\Hari_Selenium\restAssuredTesting\target\test-classes;G:\Hari_Selenium\restAssuredTesting\target\classes;C:\Users\user\.m2\repository\io\rest-assured\rest-assured\4.2.0\rest-assured-4.2.0.jar;C:\Users\user\.m2\repository\org\codehaus\groovy\groovy\2.5.8\groovy-2.5.8.jar;C:\Users\user\.m2\repository\org\codehaus\groovy\groovy-xml\2.5.8\groovy-xml-2.5.8.jar;C:\Users\user\.m2\repository\org\apache\httpcomponents\httpclient\4.5.3\httpclient-4.5.3.jar;C:\Users\user\.m2\repository\org\apache\httpcomponents\httpcore\4.4.6\httpcore-4.4.6.jar;C:\Users\user\.m2\repository\commons-logging\commons-logging\1.2\commons-logging-1.2.jar;C:\Users\user\.m2\repository\commons-codec\commons-codec\1.9\commons-codec-1.9.jar;C:\Users\user\.m2\repository\org\apache\httpcomponents\httpmime\4.5.3\httpmime-4.5.3.jar;C:\Users\user\.m2\repository\org\hamcrest\hamcrest\2.1\hamcrest-2.1.jar;C:\Users\user\.m2\repository\org\ccil\cowan\tagsoup\tagsoup\1.2.1\tagsoup-1.2.1.jar;C:\Users\user\.m2\repository\io\rest-assured\xml-path\4.2.0\xml-path-4.2.0.jar;C:\Users\user\.m2\repository\org\apache\commons\commons-lang3\3.4\commons-lang3-3.4.jar;C:\Users\user\.m2\repository\jakarta\xml\bind\jakarta.xml.bind-api\2.3.2\jakarta.xml.bind-api-2.3.2.jar;C:\Users\user\.m2\repository\jakarta\activation\jakarta.activation-api\1.2.1\jakarta.activation-api-1.2.1.jar;C:\Users\user\.m2\repository\com\sun\xml\bind\jaxb-osgi\2.3.0.1\jaxb-osgi-2.3.0.1.jar;C:\Users\user\.m2\repository\org\apache\sling\org.apache.sling.javax.activation\0.1.0\org.apache.sling.javax.activation-0.1.0.jar;C:\Users\user\.m2\repository\javax\activation\activation\1.1.1\activation-1.1.1.jar;C:\Users\user\.m2\repository\io\rest-assured\json-path\4.2.0\json-path-4.2.0.jar;C:\Users\user\.m2\repository\org\codehaus\groovy\groovy-json\2.5.8\groovy-json-2.5.8.jar;C:\Users\user\.m2\repository\io\rest-assured\rest-assured-common\4.2.0\rest-assured-common-4.2.0.jar;C:\Users\user\.m2\repository\io\rest-assured\json-schema-validator\4.2.0\json-schema-validator-4.2.0.jar;C:\Users\user\.m2\repository\com\github\java-json-tools\json-schema-validator\2.2.10\json-schema-validator-2.2.10.jar;C:\Users\user\.m2\repository\com\github\java-json-tools\json-schema-core\1.2.10\json-schema-core-1.2.10.jar;C:\Users\user\.m2\repository\com\github\java-json-tools\jackson-coreutils\1.9\jackson-coreutils-1.9.jar;C:\Users\user\.m2\repository\com\fasterxml\jackson\core\jackson-databind\2.2.3\jackson-databind-2.2.3.jar;C:\Users\user\.m2\repository\com\fasterxml\jackson\core\jackson-annotations\2.2.3\jackson-annotations-2.2.3.jar;C:\Users\user\.m2\repository\com\fasterxml\jackson\core\jackson-core\2.2.3\jackson-core-2.2.3.jar;C:\Users\user\.m2\repository\com\google\guava\guava\16.0.1\guava-16.0.1.jar;C:\Users\user\.m2\repository\com\github\fge\msg-simple\1.1\msg-simple-1.1.jar;C:\Users\user\.m2\repository\com\github\fge\btf\1.2\btf-1.2.jar;C:\Users\user\.m2\repository\com\github\fge\uri-template\0.9\uri-template-0.9.jar;C:\Users\user\.m2\repository\org\mozilla\rhino\1.7.7.1\rhino-1.7.7.1.jar;C:\Users\user\.m2\repository\javax\mail\mailapi\1.4.3\mailapi-1.4.3.jar;C:\Users\user\.m2\repository\joda-time\joda-time\2.9.7\joda-time-2.9.7.jar;C:\Users\user\.m2\repository\com\googlecode\libphonenumber\libphonenumber\8.0.0\libphonenumber-8.0.0.jar;C:\Users\user\.m2\repository\com\google\code\findbugs\jsr305\3.0.1\jsr305-3.0.1.jar;C:\Users\user\.m2\repository\net\sf\jopt-simple\jopt-simple\5.0.3\jopt-simple-5.0.3.jar;C:\Users\user\.m2\repository\org\testng\testng\6.14.3\testng-6.14.3.jar;C:\Users\user\.m2\repository\com\beust\jcommander\1.72\jcommander-1.72.jar;C:\Users\user\.m2\repository\org\apache-extras\beanshell\bsh\2.0b6\bsh-2.0b6.jar;"/>
    <property name="java.vm.vendor" value="Oracle Corporation"/>
    <property name="sun.arch.data.model" value="64"/>
    <property name="user.variant" value=""/>
    <property name="java.vendor.url" value="http://java.oracle.com/"/>
    <property name="user.timezone" value="Asia/Calcutta"/>
    <property name="java.vm.specification.version" value="1.8"/>
    <property name="os.name" value="Windows 10"/>
    <property name="user.country" value="US"/>
    <property name="sun.java.launcher" value="SUN_STANDARD"/>
    <property name="sun.boot.library.path" value="C:\Program Files\Java\jre1.8.0_241\bin"/>
    <property name="sun.java.command" value="C:\Users\user\AppData\Local\Temp\surefire1814951376995463340\surefirebooter6478480405468838740.jar C:\Users\user\AppData\Local\Temp\surefire1814951376995463340 2020-08-22T15-35-51_812-jvmRun1 surefire4867168226101849947tmp surefire_01726885953878998820tmp"/>
    <property name="surefire.test.class.path" value="G:\Hari_Selenium\restAssuredTesting\target\test-classes;G:\Hari_Selenium\restAssuredTesting\target\classes;C:\Users\user\.m2\repository\io\rest-assured\rest-assured\4.2.0\rest-assured-4.2.0.jar;C:\Users\user\.m2\repository\org\codehaus\groovy\groovy\2.5.8\groovy-2.5.8.jar;C:\Users\user\.m2\repository\org\codehaus\groovy\groovy-xml\2.5.8\groovy-xml-2.5.8.jar;C:\Users\user\.m2\repository\org\apache\httpcomponents\httpclient\4.5.3\httpclient-4.5.3.jar;C:\Users\user\.m2\repository\org\apache\httpcomponents\httpcore\4.4.6\httpcore-4.4.6.jar;C:\Users\user\.m2\repository\commons-logging\commons-logging\1.2\commons-logging-1.2.jar;C:\Users\user\.m2\repository\commons-codec\commons-codec\1.9\commons-codec-1.9.jar;C:\Users\user\.m2\repository\org\apache\httpcomponents\httpmime\4.5.3\httpmime-4.5.3.jar;C:\Users\user\.m2\repository\org\hamcrest\hamcrest\2.1\hamcrest-2.1.jar;C:\Users\user\.m2\repository\org\ccil\cowan\tagsoup\tagsoup\1.2.1\tagsoup-1.2.1.jar;C:\Users\user\.m2\repository\io\rest-assured\xml-path\4.2.0\xml-path-4.2.0.jar;C:\Users\user\.m2\repository\org\apache\commons\commons-lang3\3.4\commons-lang3-3.4.jar;C:\Users\user\.m2\repository\jakarta\xml\bind\jakarta.xml.bind-api\2.3.2\jakarta.xml.bind-api-2.3.2.jar;C:\Users\user\.m2\repository\jakarta\activation\jakarta.activation-api\1.2.1\jakarta.activation-api-1.2.1.jar;C:\Users\user\.m2\repository\com\sun\xml\bind\jaxb-osgi\2.3.0.1\jaxb-osgi-2.3.0.1.jar;C:\Users\user\.m2\repository\org\apache\sling\org.apache.sling.javax.activation\0.1.0\org.apache.sling.javax.activation-0.1.0.jar;C:\Users\user\.m2\repository\javax\activation\activation\1.1.1\activation-1.1.1.jar;C:\Users\user\.m2\repository\io\rest-assured\json-path\4.2.0\json-path-4.2.0.jar;C:\Users\user\.m2\repository\org\codehaus\groovy\groovy-json\2.5.8\groovy-json-2.5.8.jar;C:\Users\user\.m2\repository\io\rest-assured\rest-assured-common\4.2.0\rest-assured-common-4.2.0.jar;C:\Users\user\.m2\repository\io\rest-assured\json-schema-validator\4.2.0\json-schema-validator-4.2.0.jar;C:\Users\user\.m2\repository\com\github\java-json-tools\json-schema-validator\2.2.10\json-schema-validator-2.2.10.jar;C:\Users\user\.m2\repository\com\github\java-json-tools\json-schema-core\1.2.10\json-schema-core-1.2.10.jar;C:\Users\user\.m2\repository\com\github\java-json-tools\jackson-coreutils\1.9\jackson-coreutils-1.9.jar;C:\Users\user\.m2\repository\com\fasterxml\jackson\core\jackson-databind\2.2.3\jackson-databind-2.2.3.jar;C:\Users\user\.m2\repository\com\fasterxml\jackson\core\jackson-annotations\2.2.3\jackson-annotations-2.2.3.jar;C:\Users\user\.m2\repository\com\fasterxml\jackson\core\jackson-core\2.2.3\jackson-core-2.2.3.jar;C:\Users\user\.m2\repository\com\google\guava\guava\16.0.1\guava-16.0.1.jar;C:\Users\user\.m2\repository\com\github\fge\msg-simple\1.1\msg-simple-1.1.jar;C:\Users\user\.m2\repository\com\github\fge\btf\1.2\btf-1.2.jar;C:\Users\user\.m2\repository\com\github\fge\uri-template\0.9\uri-template-0.9.jar;C:\Users\user\.m2\repository\org\mozilla\rhino\1.7.7.1\rhino-1.7.7.1.jar;C:\Users\user\.m2\repository\javax\mail\mailapi\1.4.3\mailapi-1.4.3.jar;C:\Users\user\.m2\repository\joda-time\joda-time\2.9.7\joda-time-2.9.7.jar;C:\Users\user\.m2\repository\com\googlecode\libphonenumber\libphonenumber\8.0.0\libphonenumber-8.0.0.jar;C:\Users\user\.m2\repository\com\google\code\findbugs\jsr305\3.0.1\jsr305-3.0.1.jar;C:\Users\user\.m2\repository\net\sf\jopt-simple\jopt-simple\5.0.3\jopt-simple-5.0.3.jar;C:\Users\user\.m2\repository\org\testng\testng\6.14.3\testng-6.14.3.jar;C:\Users\user\.m2\repository\com\beust\jcommander\1.72\jcommander-1.72.jar;C:\Users\user\.m2\repository\org\apache-extras\beanshell\bsh\2.0b6\bsh-2.0b6.jar;"/>
    <property name="sun.cpu.endian" value="little"/>
    <property name="user.home" value="C:\Users\user"/>
    <property name="user.language" value="en"/>
    <property name="java.specification.vendor" value="Oracle Corporation"/>
    <property name="java.home" value="C:\Program Files\Java\jre1.8.0_241"/>
    <property name="basedir" value="G:\Hari_Selenium\restAssuredTesting"/>
    <property name="file.separator" value="\"/>
    <property name="line.separator" value="&#10;"/>
    <property name="java.vm.specification.vendor" value="Oracle Corporation"/>
    <property name="java.specification.name" value="Java Platform API Specification"/>
    <property name="java.awt.graphicsenv" value="sun.awt.Win32GraphicsEnvironment"/>
    <property name="surefire.real.class.path" value="C:\Users\user\AppData\Local\Temp\surefire1814951376995463340\surefirebooter6478480405468838740.jar"/>
    <property name="sun.boot.class.path" value="C:\Program Files\Java\jre1.8.0_241\lib\resources.jar;C:\Program Files\Java\jre1.8.0_241\lib\rt.jar;C:\Program Files\Java\jre1.8.0_241\lib\sunrsasign.jar;C:\Program Files\Java\jre1.8.0_241\lib\jsse.jar;C:\Program Files\Java\jre1.8.0_241\lib\jce.jar;C:\Program Files\Java\jre1.8.0_241\lib\charsets.jar;C:\Program Files\Java\jre1.8.0_241\lib\jfr.jar;C:\Program Files\Java\jre1.8.0_241\classes"/>
    <property name="user.script" value=""/>
    <property name="sun.management.compiler" value="HotSpot 64-Bit Tiered Compilers"/>
    <property name="java.runtime.version" value="1.8.0_241-b07"/>
    <property name="user.name" value="user"/>
    <property name="path.separator" value=";"/>
    <property name="os.version" value="10.0"/>
    <property name="java.endorsed.dirs" value="C:\Program Files\Java\jre1.8.0_241\lib\endorsed"/>
    <property name="java.runtime.name" value="Java(TM) SE Runtime Environment"/>
    <property name="file.encoding" value="Cp1252"/>
    <property name="java.vm.name" value="Java HotSpot(TM) 64-Bit Server VM"/>
    <property name="localRepository" value="C:\Users\user\.m2\repository"/>
    <property name="java.vendor.url.bug" value="http://bugreport.sun.com/bugreport/"/>
    <property name="java.io.tmpdir" value="C:\Users\user\AppData\Local\Temp\"/>
    <property name="java.version" value="1.8.0_241"/>
    <property name="user.dir" value="G:\Hari_Selenium\restAssuredTesting"/>
    <property name="os.arch" value="amd64"/>
    <property name="java.vm.specification.name" value="Java Virtual Machine Specification"/>
    <property name="java.awt.printerjob" value="sun.awt.windows.WPrinterJob"/>
    <property name="sun.os.patch.level" value=""/>
    <property name="java.library.path" value="C:\Program Files\Java\jre1.8.0_241\bin;C:\Windows\Sun\Java\bin;C:\Windows\system32;C:\Windows;C:\Program Files (x86)\Common Files\Oracle\Java\javapath;C:\Program Files\Broadcom\Broadcom 802.11 Network Adapter;C:\Windows\system32;C:\Windows;C:\Windows\System32\Wbem;C:\Windows\System32\WindowsPowerShell\v1.0\;C:\Program Files\Git\cmd;C:\Program Files\nodejs\;C:\apache-maven-3.6.3\bin;C:\Users\user\AppData\Roaming\npm;."/>
    <property name="java.vm.info" value="mixed mode"/>
    <property name="java.vendor" value="Oracle Corporation"/>
    <property name="java.vm.version" value="25.241-b07"/>
    <property name="java.ext.dirs" value="C:\Program Files\Java\jre1.8.0_241\lib\ext;C:\Windows\Sun\Java\lib\ext"/>
    <property name="sun.io.unicode.encoding" value="UnicodeLittle"/>
    <property name="java.class.version" value="52.0"/>
  </properties>
  <testcase name="getRequest" classname="testAutomation.restAssuredTesting.GetRequestTest" time="7.018">
    <system-out><![CDATA[Response code is: 200
Response Body: {"envelope":{"version":"1.0","name":"viacom-standard-json"},"status":{"text":"OK","code":100},"messages":{"notices":[]},"generated":"2020-08-22T10:04:14.612461Z","data":{"appConfiguration":{"id":"01ca4950-0e6f-43e8-9a38-550549a12f67","urlKey":"01ca4950-0e6f-43e8-9a38-550549a12f67","customerSupportEmail":"BETPlus-support@bet.com","endpointUrls":{"propertyByUrlKey":"https://neutron-api.viacom.tech/feeds/networkapp/intl/property/2.3?urlKey={urlKey}&type={entityType}&region=US&brand=betplus&platform=android&version=52.7.6"},"searchTypes":["series","movie"],"templateZones":{},"screens":[{"screen":{"id":"mgid:arc:page:betplus.com:3d9886e3-03b9-4ee9-89a3-ed924cfb5e17","name":"adult","type":"adult","templateType":null,"pageType":"adult","url":"https://neutron-api.viacom.tech/feeds/networkapp/intl/screen/2.3/mgid:arc:page:betplus.com:3d9886e3-03b9-4ee9-89a3-ed924cfb5e17?region=US&brand=betplus&platform=android&version=52.7.6"}},{"screen":{"id":"mgid:arc:page:betplus.com:82b946b0-315b-475e-a244-cd9883eb5baf","name":"search","type":"search","templateType":null,"pageType":"search","url":"https://neutron-api.viacom.tech/feeds/networkapp/intl/screen/2.3/mgid:arc:page:betplus.com:82b946b0-315b-475e-a244-cd9883eb5baf?region=US&brand=betplus&platform=android&version=52.7.6"}}],"authOptions":{"mvpd":{"enabled":false},"inAppPurchase":{"products":[{"productId":"betplus_monthly_prod_999_subscription","subscriptionPeriod":30,"trialPeriod":7,"buttonText":"Start Your Free Trial"}]}},"ageGatePass":18,"contentBuckets":{},"eventCollector":{"brand":"bet","appName":"betplus","mainUrl":"https://events-collector-api.viacom.tech","deletePathsFromEvent":[],"videoHeartbeatInterval":15},"accentColor":"{hashColorValue}","appName":"betplus_android_live_US","pageSize":30,"showOnboarding":"alwaysWhenUnauthorized","videoPlayerAutoHideTime":5,"videoMGID":"mgid:arc:video:betplus.com:","episodeMGID":"mgid:arc:episode:betplus.com:","movieMGID":"mgid:arc:movie:betplus.com:","playlistMGID":"mgid:arc:playlist:betplus.com:","seriesMGID":"mgid:arc:series:betplus.com:","eventMGID":"mgid:arc:event:betplus.com:","liveMGID":"mgid:arc:live:betplus.com:","imageMGID":"mgid:arc:content:betplus.com:","ebookMGID":"mgid:arc:ebook:betplus.com:","videogameMGID":"mgid:arc:videogame:betplus.com:","imageServer":"https://bet.mtvnimages.com/uri/","imageEP":"shared.betplus.us","imageStage":"live","backgroundServiceURL":null,"backgroundServiceEP":null,"backgroundServiceVideoEnabled":true,"gdprEnabled":false,"displayLocksEnabled":true,"moatEnabled":false,"rokuMarketingFrameworkEnabled":false,"marketingEnabled":false,"searchServiceEnabled":true,"searchPredictiveServiceEnabled":true,"voiceControlEnabled":false,"airplayEnabled":true,"chromeCastEnabled":true,"apptentiveEnabled":true,"helpshiftEnabled":true,"displayTVEPromptAtStartup":false,"displayLiveTVForAllUsers":false,"tveAuthenticationEnabled":true,"canSkipSubscriptionScreen":false,"euDsmEnabled":false,"enabledBrands":[{"brandName":"bet","brandType":"adult","imageUrl":"https://bet.mtvnimages.com/uri/mgid:arc:content:shared.betplus.us:a194ab4a-2e07-460b-ae4c-43e6127068a7?quality=0.7","selectedImageUrl":"https://bet.mtvnimages.com/uri/mgid:arc:content:shared.betplus.us:73a079fb-de85-409b-9cb1-b9113e1ae852?quality=0.7","imageHighlightColor":"#141414"}],"appsFlyerEnabled":false,"uvpPlayerEnabled":false,"upNextOverlayEnabled":false,"fetchPlayheads":true,"adjustEnabled":true,"principalEnabled":false,"facebookAnalyticsEnabled":false,"brazeEnabled":false,"clipPrerollsEnabled":true,"allShowsEnabled":false,"tuneEnabled":true,"shortForm":false,"refundFaqUrl":null,"propertyFeedUrl":"https://neutron-api.viacom.tech/feeds/networkapp/intl/property/2.3/{id}?region=US&brand=betplus&platform=android&version=52.7.6","abTestsNotifyUrl":"https://neutron-api.viacom.tech/abtests/notify/2.3","contentItemsUrl":"https://neutron-api.viacom.tech/feeds/networkapp/intl/content-items/2.3?region=US&brand=betplus&platform=android&version=52.7.6&ids={ids}","availabilityServiceUrl":"","trendingSearchUrl":"","abTestsPrefetchUrl":"https://neutron-api.viacom.tech/abtests/prefetch/2.3?region=US&brand=betplus&platform=android&version=52.7.6&authSessionId={authSessionId}","searchServiceUrl":"https://neutron-api.viacom.tech/feeds/networkapp/intl/search/2.3?region=US&brand=betplus&platform=android&version=52.7.6&q={searchTerm}&types={types}&pageNumber={page}&pageSize={pageSize}","searchPredictiveServiceUrl":"https://neutron-api.viacom.tech/feeds/networkapp/intl/search/typeahead/2.3?region=US&brand=betplus&platform=android&version=52.7.6&q={searchTerm}","closedCaptionSupportUrl":"https://neutron-api.viacom.tech/feeds/networkapp/intl/module/2.3/mgid:arc:zone:betplus.com:84c33e38-542d-486d-990e-e8279e6c568f?region=US&brand=betplus&platform=android&version=52.7.6","adChoicesDisclosureUrl":null,"tvRatingsUrl":"https://neutron-api.viacom.tech/feeds/networkapp/intl/module/2.3/mgid:arc:zone:betplus.com:a3f71724-a2d3-441d-bc23-fb71b09cf54c?region=US&brand=betplus&platform=android&version=52.7.6","ratingsRegulationUrl":null,"privacyPolicyUrl":"https://neutron-api.viacom.tech/feeds/networkapp/intl/module/2.3/mgid:arc:zone:betplus.com:f8f25d0e-0e14-49a0-8183-e75e76a6351e?region=US&brand=betplus&platform=android&version=52.7.6","privacyPolicyChangesUrl":"https://neutron-api.viacom.tech/feeds/networkapp/intl/module/2.3/mgid:arc:zone:betplus.com:8ce8130f-e425-4a20-bb3c-4acc2847c96b?region=US&brand=betplus&platform=android&version=52.7.6","privacyPolicyFaqsUrl":"https://neutron-api.viacom.tech/feeds/networkapp/intl/module/2.3/mgid:arc:zone:betplus.com:36beb3d8-727b-4397-8bc8-63d9f30bf66a?region=US&brand=betplus&platform=android&version=52.7.6","termsOfServiceUrl":"https://neutron-api.viacom.tech/feeds/networkapp/intl/module/2.3/mgid:arc:zone:betplus.com:12887703-ec3a-4a09-9177-25acdef283d5?region=US&brand=betplus&platform=android&version=52.7.6","copyrightNoticeUrl":"https://neutron-api.viacom.tech/feeds/networkapp/intl/module/2.3/mgid:arc:zone:betplus.com:584c2d96-cdfa-445d-aa92-d2a72a8ca697?region=US&brand=betplus&platform=android&version=52.7.6","eulaUrl":null,"balaLatestUpdatedTimeStamp":1577836800}}}
[series, movie] List contains series word
]]></system-out>
  </testcase>
</testsuite>