<?xml version="1.0" encoding="UTF-8"?>
<!-- Generated by org.testng.reporters.JUnitReportReporter -->
<testsuite skipped="0" hostname="DESKTOP-0FSG9OD" name="testAutomation.restAssuredTesting.GetRequestTest" tests="1" failures="0" timestamp="22 Aug 2020 10:13:19 GMT" time="7.593" errors="0">
  <testcase name="getRequest" time="7.593" classname="testAutomation.restAssuredTesting.GetRequestTest"/>
</testsuite> <!-- testAutomation.restAssuredTesting.GetRequestTest -->
