<?xml version="1.0" encoding="UTF-8"?>
<!-- Generated by org.testng.reporters.JUnitReportReporter -->
<testsuite skipped="0" hostname="DESKTOP-0FSG9OD" name="testAutomation.restAssuredTesting.GetRequest" tests="1" failures="0" timestamp="18 Aug 2020 17:05:19 GMT" time="18.112" errors="0">
  <testcase name="getRequest" time="18.112" classname="testAutomation.restAssuredTesting.GetRequest"/>
</testsuite> <!-- testAutomation.restAssuredTesting.GetRequest -->
